This is pdfTeXk, Version 3.141592-1.40.3 (Web2C 7.5.6) (format=latex 2010.2.11)  9 MAR 2010 17:08
entering extended mode
 %&-line parsing enabled.
**qsgs17
(./qsgs17.tex
LaTeX2e <2005/12/01>
Babel <v3.8h> and hyphenation patterns for english, usenglishmax, dumylang, noh
yphenation, loaded.
(/home/brandon/LaTeX/imsart.cls
Document Class: imsart 2009/08/13 driver class for package imsart.sty
(/usr/share/texmf-texlive/tex/latex/base/article.cls
Document Class: article 2005/09/16 v1.4f Standard LaTeX document class
(/usr/share/texmf-texlive/tex/latex/base/leqno.clo
File: leqno.clo 1998/08/17 v1.1c Standard LaTeX option (left equation numbers)
)
(/usr/share/texmf-texlive/tex/latex/base/size11.clo
File: size11.clo 2005/09/16 v1.4f Standard LaTeX file (size option)
)
\c@part=\count79
\c@section=\count80
\c@subsection=\count81
\c@subsubsection=\count82
\c@paragraph=\count83
\c@subparagraph=\count84
\c@figure=\count85
\c@table=\count86
\abovecaptionskip=\skip41
\belowcaptionskip=\skip42
\bibindent=\dimen102
)
(/home/brandon/LaTeX/imsart.sty
File: imsart.sty 2009/12/15IMS article style (VS)

No file imsart.cnf.
(/usr/share/texmf-texlive/tex/latex/base/leqno.clo
File: leqno.clo 1998/08/17 v1.1c Standard LaTeX option (left equation numbers)
)
\c@firstpage=\count87
\c@lastpage=\count88
\c@thanks=\count89
\c@addressref=\count90

(/usr/share/texmf-texlive/tex/latex/graphics/keyval.sty
Package: keyval 1999/03/16 v1.13 key=value parser (DPC)
\KV@toks@=\toks14
)
\c@emailref=\count91
\c@author=\count92
\c@address=\count93
\sv@mathsurround=\dimen103
\sv@parindent=\dimen104
\fm@box=\box26
\fm@size=\dimen105
\t@xtheight=\dimen106
\abstract@box=\box27
\keyword@box=\box28
\pre@kwd@depth=\dimen107
\keyword@toks=\toks15
\authors@list=\toks16
\keywords@list=\toks17

No file imsart-aoas.cnf.
)) (/usr/share/texmf-texlive/tex/latex/base/fontenc.sty
Package: fontenc 2005/09/27 v1.99g Standard LaTeX package

(/usr/share/texmf-texlive/tex/latex/base/ot1enc.def
File: ot1enc.def 2005/09/27 v1.99g Standard LaTeX file
LaTeX Font Info:    Redeclaring font encoding OT1 on input line 43.
))
(/usr/share/texmf-texlive/tex/latex/amscls/amsthm.sty
Package: amsthm 2004/08/06 v2.20
\thm@style=\toks18
\thm@bodyfont=\toks19
\thm@headfont=\toks20
\thm@notefont=\toks21
\thm@headpunct=\toks22
\thm@preskip=\skip43
\thm@postskip=\skip44
\thm@headsep=\skip45
\dth@everypar=\toks23
)
(/usr/share/texmf-texlive/tex/latex/amsmath/amsmath.sty
Package: amsmath 2000/07/18 v2.13 AMS math features
\@mathmargin=\skip46

For additional information on amsmath, use the `?' option.
(/usr/share/texmf-texlive/tex/latex/amsmath/amstext.sty
Package: amstext 2000/06/29 v2.01

(/usr/share/texmf-texlive/tex/latex/amsmath/amsgen.sty
File: amsgen.sty 1999/11/30 v2.0
\@emptytoks=\toks24
\ex@=\dimen108
))
(/usr/share/texmf-texlive/tex/latex/amsmath/amsbsy.sty
Package: amsbsy 1999/11/29 v1.2d
\pmbraise@=\dimen109
)
(/usr/share/texmf-texlive/tex/latex/amsmath/amsopn.sty
Package: amsopn 1999/12/14 v2.01 operator names
)
\inf@bad=\count94
LaTeX Info: Redefining \frac on input line 211.
\uproot@=\count95
\leftroot@=\count96
LaTeX Info: Redefining \overline on input line 307.
\classnum@=\count97
\DOTSCASE@=\count98
LaTeX Info: Redefining \ldots on input line 379.
LaTeX Info: Redefining \dots on input line 382.
LaTeX Info: Redefining \cdots on input line 467.
\Mathstrutbox@=\box29
\strutbox@=\box30
\big@size=\dimen110
LaTeX Font Info:    Redeclaring font encoding OML on input line 567.
LaTeX Font Info:    Redeclaring font encoding OMS on input line 568.
\macc@depth=\count99
\c@MaxMatrixCols=\count100
\dotsspace@=\muskip10
\c@parentequation=\count101
\dspbrk@lvl=\count102
\tag@help=\toks25
\row@=\count103
\column@=\count104
\maxfields@=\count105
\andhelp@=\toks26
\eqnshift@=\dimen111
\alignsep@=\dimen112
\tagshift@=\dimen113
\tagwidth@=\dimen114
\totwidth@=\dimen115
\lineht@=\dimen116
\@envbody=\toks27
\multlinegap=\skip47
\multlinetaggap=\skip48
\mathdisplay@stack=\toks28
LaTeX Info: Redefining \[ on input line 2666.
LaTeX Info: Redefining \] on input line 2667.
)
(/home/brandon/LaTeX/natbib.sty
Package: natbib 1998/07/14 6.8c (PWD)
\bibhang=\skip49
\bibsep=\skip50
LaTeX Info: Redefining \cite on input line 467.
\c@NAT@ctr=\count106
)
(/usr/share/texmf-texlive/tex/latex/hyperref/hyperref.sty
Package: hyperref 2007/02/07 v6.75r Hypertext links for LaTeX
\@linkdim=\dimen117
\Hy@linkcounter=\count107
\Hy@pagecounter=\count108

(/usr/share/texmf-texlive/tex/latex/hyperref/pd1enc.def
File: pd1enc.def 2007/02/07 v6.75r Hyperref: PDFDocEncoding definition (HO)
)
(/etc/texmf/tex/latex/config/hyperref.cfg
File: hyperref.cfg 2002/06/06 v1.2 hyperref configuration of TeXLive
)
(/usr/share/texmf-texlive/tex/latex/oberdiek/kvoptions.sty
Package: kvoptions 2006/08/22 v2.4 Connects package keyval with LaTeX options (
HO)
)
Package hyperref Info: Option `colorlinks' set `true' on input line 2238.
Package hyperref Info: Option `linktocpage' set `true' on input line 2238.
Package hyperref Info: Option `colorlinks' set `true' on input line 2238.
Package hyperref Info: Hyper figures OFF on input line 2288.
Package hyperref Info: Link nesting OFF on input line 2293.
Package hyperref Info: Hyper index ON on input line 2296.
Package hyperref Info: Plain pages OFF on input line 2303.
Package hyperref Info: Backreferencing OFF on input line 2308.

Implicit mode ON; LaTeX internals redefined
Package hyperref Info: Bookmarks ON on input line 2444.
(/usr/share/texmf-texlive/tex/latex/ltxmisc/url.sty
\Urlmuskip=\muskip11
Package: url 2005/06/27  ver 3.2  Verb mode for urls, etc.
)
LaTeX Info: Redefining \url on input line 2599.
\Fld@menulength=\count109
\Field@Width=\dimen118
\Fld@charsize=\dimen119
\Choice@toks=\toks29
\Field@toks=\toks30
Package hyperref Info: Hyper figures OFF on input line 3102.
Package hyperref Info: Link nesting OFF on input line 3107.
Package hyperref Info: Hyper index ON on input line 3110.
Package hyperref Info: backreferencing OFF on input line 3117.
Package hyperref Info: Link coloring ON on input line 3120.
\Hy@abspage=\count110
\c@Item=\count111
\c@Hfootnote=\count112
)
*hyperref using driver hdvips*
(/usr/share/texmf-texlive/tex/latex/hyperref/hdvips.def
File: hdvips.def 2007/02/07 v6.75r Hyperref driver for dvips

(/usr/share/texmf-texlive/tex/latex/hyperref/pdfmark.def
File: pdfmark.def 2007/02/07 v6.75r Hyperref definitions for pdfmark specials
\pdf@docset=\toks31
\pdf@box=\box31
\pdf@toks=\toks32
\pdf@defaulttoks=\toks33
\Fld@listcount=\count113
))
(/usr/share/texmf-texlive/tex/latex/amsfonts/amssymb.sty
Package: amssymb 2002/01/22 v2.2d

(/usr/share/texmf-texlive/tex/latex/amsfonts/amsfonts.sty
Package: amsfonts 2001/10/25 v2.2f
\symAMSa=\mathgroup4
\symAMSb=\mathgroup5
LaTeX Font Info:    Overwriting math alphabet `\mathfrak' in version `bold'
(Font)                  U/euf/m/n --> U/euf/b/n on input line 132.
))
(/usr/share/texmf-texlive/tex/latex/tools/bm.sty
Package: bm 2004/02/26 v1.1c Bold Symbol Support (DPC/FMi)
\symboldoperators=\mathgroup6
\symboldletters=\mathgroup7
\symboldsymbols=\mathgroup8
LaTeX Font Info:    Redeclaring math alphabet \mathbf on input line 137.
LaTeX Info: Redefining \bm on input line 203.
)
(/usr/share/texmf-texlive/tex/latex/graphics/graphicx.sty
Package: graphicx 1999/02/16 v1.0f Enhanced LaTeX Graphics (DPC,SPQR)

(/usr/share/texmf-texlive/tex/latex/graphics/graphics.sty
Package: graphics 2006/02/20 v1.0o Standard LaTeX Graphics (DPC,SPQR)

(/usr/share/texmf-texlive/tex/latex/graphics/trig.sty
Package: trig 1999/03/16 v1.09 sin cos tan (DPC)
)
(/etc/texmf/tex/latex/config/graphics.cfg
File: graphics.cfg 2007/01/18 v1.5 graphics configuration of teTeX/TeXLive
)
Package graphics Info: Driver file: dvips.def on input line 90.

(/usr/share/texmf-texlive/tex/latex/graphics/dvips.def
File: dvips.def 1999/02/16 v3.0i Driver-dependant file (DPC,SPQR)
))
\Gin@req@height=\dimen120
\Gin@req@width=\dimen121
)
\c@thm=\count114
 (./qsgs17.aux

LaTeX Warning: Label `m1thanks' multiply defined.


LaTeX Warning: Label `m2thanks' multiply defined.

)
\openout1 = `qsgs17.aux'.

LaTeX Font Info:    Checking defaults for OML/cmm/m/it on input line 54.
LaTeX Font Info:    ... okay on input line 54.
LaTeX Font Info:    Checking defaults for T1/cmr/m/n on input line 54.
LaTeX Font Info:    ... okay on input line 54.
LaTeX Font Info:    Checking defaults for OT1/cmr/m/n on input line 54.
LaTeX Font Info:    ... okay on input line 54.
LaTeX Font Info:    Checking defaults for OMS/cmsy/m/n on input line 54.
LaTeX Font Info:    ... okay on input line 54.
LaTeX Font Info:    Checking defaults for OMX/cmex/m/n on input line 54.
LaTeX Font Info:    ... okay on input line 54.
LaTeX Font Info:    Checking defaults for U/cmr/m/n on input line 54.
LaTeX Font Info:    ... okay on input line 54.
LaTeX Font Info:    Checking defaults for PD1/pdf/m/n on input line 54.
LaTeX Font Info:    ... okay on input line 54.
 (/usr/share/texmf-texlive/tex/latex/graphics/color.sty
Package: color 2005/11/14 v1.0j Standard LaTeX Color (DPC)

(/etc/texmf/tex/latex/config/color.cfg
File: color.cfg 2007/01/18 v1.5 color configuration of teTeX/TeXLive
)
Package color Info: Driver file: dvips.def on input line 130.

(/usr/share/texmf-texlive/tex/latex/graphics/dvipsnam.def
File: dvipsnam.def 1999/02/16 v3.0i Driver-dependant file (DPC,SPQR)
))
Package hyperref Info: Link coloring ON on input line 54.

(/usr/share/texmf-texlive/tex/latex/hyperref/nameref.sty
Package: nameref 2006/12/27 v2.28 Cross-referencing by name of section

(/usr/share/texmf-texlive/tex/latex/oberdiek/refcount.sty
Package: refcount 2006/02/20 v3.0 Data extraction from references (HO)
)
\c@section@level=\count115
)
LaTeX Info: Redefining \ref on input line 54.
LaTeX Info: Redefining \pageref on input line 54.
 (./qsgs17.out)
(./qsgs17.out)
\@outlinefile=\write3
\openout3 = `qsgs17.out'.

LaTeX Font Info:    External font `cmex10' loaded for size
(Font)              <10.95> on input line 57.
LaTeX Font Info:    External font `cmex10' loaded for size
(Font)              <8> on input line 57.
LaTeX Font Info:    External font `cmex10' loaded for size
(Font)              <6> on input line 57.
LaTeX Font Info:    External font `cmex10' loaded for size
(Font)              <5> on input line 61.
\@address@1=\toks34
\@address@2=\toks35
LaTeX Font Info:    External font `cmex10' loaded for size
(Font)              <9> on input line 95.
 [1

] [2] [3]
Overfull \hbox (7.49461pt too wide) in paragraph at lines 363--370
\OT1/cmr/m/n/10.95 con-structed. We use a vari-able band-width es-ti-ma-tor, se
e []
 []


Package hyperref Warning: Token not allowed in a PDFDocEncoded string,
(hyperref)                removing `math shift' on input line 373.


Package hyperref Warning: Token not allowed in a PDFDocEncoded string,
(hyperref)                removing `math shift' on input line 373.

[4]
Overfull \hbox (1.10622pt too wide) in paragraph at lines 383--397
[] []$\OT1/cmr/m/n/10.95 , and de-fine $\OT1/cmr/bx/n/10.95 ^^G[] \OT1/cmr/m/n/
10.95 = \OMS/cmsy/m/n/10.95 f\OT1/cmr/m/n/10.95 [\OML/cmm/m/it/10.95 ^^][] ^^][
] ^^][]\OT1/cmr/m/n/10.95 ]; [\OML/cmm/m/it/10.95 ^^][] ^^][] ^^][]\OT1/cmr/m/n
/10.95 ]; [\OML/cmm/m/it/10.95 ^^][] ^^][] ^^][]\OT1/cmr/m/n/10.95 ]\OMS/cmsy/m
/n/10.95 g$\OT1/cmr/m/n/10.95 .
 []

[5]
File: inspace1.ps Graphic file (type eps)
 <inspace1.ps>
File: inspace2.ps Graphic file (type eps)
 <inspace2.ps>
File: inspace3.ps Graphic file (type eps)
 <inspace3.ps>
File: inspace0.ps Graphic file (type eps)
 <inspace0.ps>
File: infreq1.ps Graphic file (type eps)
 <infreq1.ps>
File: infreq2.ps Graphic file (type eps)

<infreq2.ps>
File: infreq3.ps Graphic file (type eps)
 <infreq3.ps>
File: infreq0.ps Graphic file (type eps)
 <infreq0.ps> [6]
Overfull \hbox (11.743pt too wide) in paragraph at lines 537--541
\OT1/cmr/m/n/10.95 bi-trar-ily peaked de-formed PDFs by tak-ing $\OT1/cmr/bx/n/
10.95 ^^C\OT1/cmr/m/n/10.95 (\OT1/cmr/bx/n/10.95 x\OT1/cmr/m/n/10.95 ) = [](\OM
L/cmm/m/it/10.95 ^^U[]\OT1/cmr/m/n/10.95 (\OT1/cmr/bx/n/10.95 x\OT1/cmr/m/n/10.
95 )\OML/cmm/m/it/10.95 ; ^^U[]\OT1/cmr/m/n/10.95 (\OT1/cmr/bx/n/10.95 x\OT1/cm
r/m/n/10.95 )\OML/cmm/m/it/10.95 ; ^^U[]\OT1/cmr/m/n/10.95 (\OT1/cmr/bx/n/10.95
 x\OT1/cmr/m/n/10.95 ))$,
 []


Overfull \hbox (20.9081pt too wide) in alignment at lines 568--576
 [][][] []
 []

[7]
Overfull \hbox (52.833pt too wide) detected at line 630
[]\OT1/cmr/bx/n/10.95 x[] \OT1/cmr/m/n/10.95 = [] [] [] \OML/cmm/m/it/10.95 :
 []

File: pdfen11b.eps Graphic file (type eps)
<pdfen11b.eps>
File: pdfen11.eps Graphic file (type eps)
 <pdfen11.eps>
File: pdfen13b.eps Graphic file (type eps)
 <pdfen13b.eps>
File: pdfen13.eps Graphic file (type eps)
 <pdfen13.eps> [8] [9] [10]
Overfull \hbox (37.033pt too wide) in paragraph at lines 774--785
\OT1/cmr/m/n/10.95 and $[]$. An-other such mea-sure, gen-er-al-ized anisotropy 
([],
 []

File: pdfen12b.eps Graphic file (type eps)
<pdfen12b.eps>
File: pdfen12.eps Graphic file (type eps)
 <pdfen12.eps>
File: pdfen14b.eps Graphic file (type eps)
 <pdfen14b.eps>
File: pdfen14.eps Graphic file (type eps)
 <pdfen14.eps> [11] [12] [13]
Overfull \hbox (26.47987pt too wide) in paragraph at lines 910--921
 [][] 
 []


Package hyperref Warning: Token not allowed in a PDFDocEncoded string,
(hyperref)                removing `math shift' on input line 944.


Package hyperref Warning: Token not allowed in a PDFDocEncoded string,
(hyperref)                removing `\alpha' on input line 944.


Package hyperref Warning: Token not allowed in a PDFDocEncoded string,
(hyperref)                removing `\beta' on input line 944.


Package hyperref Warning: Token not allowed in a PDFDocEncoded string,
(hyperref)                removing `math shift' on input line 944.

[14] [15] [16]
Overfull \hbox (9.70009pt too wide) in paragraph at lines 1109--1115
[]\OT1/cmr/m/n/10.95 If on the other hand we have failed to re-ject the null hy
-poth-e-sis ``$\OMS/cmsy/m/n/10.95 A\OT1/cmr/m/n/10.95 (\OT1/cmr/bx/n/10.95 q[]
\OT1/cmr/m/n/10.95 (\OML/cmm/m/it/10.95 ; ^^L\OT1/cmr/m/n/10.95 ))$
 []


Overfull \hbox (22.91258pt too wide) in paragraph at lines 1117--1127
\OT1/cmr/m/n/10.95 de-fined $\OT1/cmr/bx/n/10.95 q$ \OT1/cmr/m/n/10.95 vec-tors
 $[]$ as $[]([]) = \OMS/cmsy/m/n/10.95 ^^@\OML/cmm/m/it/10.95 b[] []\OT1/cmr/m/
n/10.95 [[]]$ ([],
 []


Overfull \hbox (3.68211pt too wide) in paragraph at lines 1165--1170
 \OT1/cmr/m/n/10.95 4.3.\OT1/cmr/m/it/10.95 Diagnosing Asym-me-try.[][] \OT1/cm
r/m/n/10.95 Hav-ing es-tab-lished method-ol-ogy to dis-crim-
 []

[17] [18] [19]
File: figure1a1.eps Graphic file (type eps)
 <figure1a1.eps>
File: figure1e1.eps Graphic file (type eps)
 <figure1e1.eps>
File: figure1f1.eps Graphic file (type eps)
 <figure1f1.eps>
File: figure1g1.eps Graphic file (type eps)
 <figure1g1.eps>
File: figure1h1.eps Graphic file (type eps)

<figure1h1.eps>
File: figure1i1.eps Graphic file (type eps)
 <figure1i1.eps>
File: figure1j1.eps Graphic file (type eps)
 <figure1j1.eps>
File: figure2b1.eps Graphic file (type eps)
 <figure2b1.eps>
File: figure2f1.eps Graphic file (type eps)

<figure2f1.eps>
File: figure2g1.eps Graphic file (type eps)
 <figure2g1.eps>
File: figure2h1.eps Graphic file (type eps)
 <figure2h1.eps>
File: figure2i1.eps Graphic file (type eps)
 <figure2i1.eps>
File: figure2j1.eps Graphic file (type eps)

<figure2j1.eps>
File: figure2k1.eps Graphic file (type eps)
 <figure2k1.eps>
File: figure3a1.eps Graphic file (type eps)
 <figure3a1.eps>
File: figure3a1.eps Graphic file (type eps)
 <figure3a1.eps>
File: figure3b1.eps Graphic file (type eps)

<figure3b1.eps>
File: figure3c1.eps Graphic file (type eps)
 <figure3c1.eps>
File: figure3b1.eps Graphic file (type eps)
 <figure3b1.eps>
File: figure3a1.eps Graphic file (type eps)
 <figure3a1.eps>
File: figure3a1.eps Graphic file (type eps)

<figure3a1.eps>
File: figure4a1.eps Graphic file (type eps)
 <figure4a1.eps>
File: figure4a1.eps Graphic file (type eps)
 <figure4a1.eps>
File: figure4b1.eps Graphic file (type eps)
 <figure4b1.eps>
File: figure4c1.eps Graphic file (type eps)

<figure4c1.eps>
File: figure4b1.eps Graphic file (type eps)
 <figure4b1.eps>
File: figure4a1.eps Graphic file (type eps)
 <figure4a1.eps>
File: figure4a1.eps Graphic file (type eps)
 <figure4a1.eps> [20]
Overfull \hbox (49.8096pt too wide) in paragraph at lines 1507--1518
\OT1/cmr/m/n/10.95 where $\OML/cmm/m/it/10.95 D\OT1/cmr/m/n/10.95 (\OML/cmm/m/i
t/10.95 x\OT1/cmr/m/n/10.95 ) = [](\OMS/cmsy/m/n/10.95 ^^@\OML/cmm/m/it/10.95 x
[]\OT1/cmr/m/n/10.95 ) [][] [](\OML/cmm/m/it/10.95 t[]\OT1/cmr/m/n/10.95 ) \OML
/cmm/m/it/10.95 dt$ \OT1/cmr/m/n/10.95 is the Daw-son func-tion ([],
 []

[21]
Overfull \hbox (109.8655pt too wide) in paragraph at lines 1539--1579
 [][] 
 []

[22]
Overfull \hbox (1.3796pt too wide) in paragraph at lines 1638--1678
\OT1/cmr/m/n/10.95 nor-mal sub-ject (30 year old, male Cau-casian) in a Siemens
 TIM Trio 3.0 Tesla
 []

[23]
File: slice1_slice+rect.eps Graphic file (type eps)
 <slice1_slice+rect.eps>
File: slice1_statistics.eps Graphic file (type eps)
 <slice1_statistics.eps> [24] [25]
File: slice2_slice+rect.eps Graphic file (type eps)

<slice2_slice+rect.eps>
File: slice2_statistics+points.eps Graphic file (type eps)
 <slice2_statistics+points.eps> [26] [27]
File: 3257new.ps Graphic file (type eps)
 <3257new.ps>
File: 3457new.ps Graphic file (type eps)

<3457new.ps>
File: 3659.ps Graphic file (type eps)
 <3659.ps>
File: 3763.ps Graphic file (type eps)
 <3763.ps> [28] [29]

Package hyperref Warning: Token not allowed in a PDFDocEncoded string,
(hyperref)                removing `math shift' on input line 1940.


Package hyperref Warning: Token not allowed in a PDFDocEncoded string,
(hyperref)                removing `math shift' on input line 1940.

[30] [31]

Package hyperref Warning: Token not allowed in a PDFDocEncoded string,
(hyperref)                removing `math shift' on input line 2070.


Package hyperref Warning: Token not allowed in a PDFDocEncoded string,
(hyperref)                removing `math shift' on input line 2070.


Package hyperref Warning: Token not allowed in a PDFDocEncoded string,
(hyperref)                removing `math shift' on input line 2091.


Package hyperref Warning: Token not allowed in a PDFDocEncoded string,
(hyperref)                removing `math shift' on input line 2091.

[32]

Package hyperref Warning: Token not allowed in a PDFDocEncoded string,
(hyperref)                removing `math shift' on input line 2131.


Package hyperref Warning: Token not allowed in a PDFDocEncoded string,
(hyperref)                removing `math shift' on input line 2131.

(./qsgs17.bbl [33] [34]
! Undefined control sequence.
l.273 \binstitute
                 {University College}, \baddress{London, United Kingdom}.
? 
) [35] (./qsgs17.aux)

LaTeX Warning: There were multiply-defined labels.

 ) 
Here is how much of TeX's memory you used:
 4962 strings out of 95087
 62986 string characters out of 1183278
 132699 words of memory out of 1500000
 8024 multiletter control sequences out of 10000+50000
 16368 words of font info for 59 fonts, out of 1200000 for 2000
 28 hyphenation exceptions out of 8191
 34i,14n,40p,909b,484s stack positions out of 5000i,500n,6000p,200000b,5000s

Output written on qsgs17.dvi (35 pages, 232168 bytes).
