\BOOKMARK [1][-]{section.1}{Introduction}{}
\BOOKMARK [1][-]{section.2}{Statistical Models for HARDI Data}{}
\BOOKMARK [2][-]{subsection.2.1}{Observational Model}{section.2}
\BOOKMARK [2][-]{subsection.2.2}{Great Circles in q-Space}{section.2}
\BOOKMARK [2][-]{subsection.2.3}{The Orientation Distribution Function}{section.2}
\BOOKMARK [1][-]{section.3}{Scalar Summaries and Test Statistics}{}
\BOOKMARK [2][-]{subsection.3.1}{Axes of Symmetry}{section.3}
\BOOKMARK [2][-]{subsection.3.2}{Degree of Non-Uniformity}{section.3}
\BOOKMARK [2][-]{subsection.3.3}{Measures of Anisotropy}{section.3}
\BOOKMARK [1][-]{section.4}{Estimation}{}
\BOOKMARK [2][-]{subsection.4.1}{Parameterizing the \(,\) axes}{section.4}
\BOOKMARK [2][-]{subsection.4.2}{Diagnosing Non-Uniformity}{section.4}
\BOOKMARK [2][-]{subsection.4.3}{Diagnosing Asymmetry}{section.4}
\BOOKMARK [2][-]{subsection.4.4}{Example: Crossing and Forking Fibers}{section.4}
\BOOKMARK [1][-]{section.5}{Simulation Study}{}
\BOOKMARK [1][-]{section.6}{Analysis of Clinical Data}{}
\BOOKMARK [1][-]{section.7}{Discussion}{}
\BOOKMARK [1][-]{appendix.A}{Distributions for Test Statistics}{}
\BOOKMARK [2][-]{subsection.A.1}{The T Statistic}{appendix.A}
\BOOKMARK [2][-]{subsection.A.2}{The X Statistic}{appendix.A}
\BOOKMARK [2][-]{subsection.A.3}{The Z Statistic}{appendix.A}
\BOOKMARK [2][-]{subsection.A.4}{The K Statistic}{appendix.A}
\BOOKMARK [1][-]{section*.1}{References}{}
\BOOKMARK [1][-]{section*.3}{Author's addresses}{}
